<?xml version="1.0" encoding="UTF-8"?>
<testng-results ignored="0" total="1" passed="1" failed="0" skipped="0">
  <reporter-output>
  </reporter-output>
  <suite started-at="2025-04-30T23:16:36 IST" name="Default suite" finished-at="2025-04-30T23:17:48 IST" duration-ms="72365">
    <groups>
    </groups>
    <test started-at="2025-04-30T23:16:36 IST" name="Default test" finished-at="2025-04-30T23:17:48 IST" duration-ms="72365">
      <class name="automations.RenewalsCaseClosure">
        <test-method is-config="true" signature="setup()[pri:0, instance:automations.RenewalsCaseClosure@35cabb2a]" started-at="2025-04-30T23:16:32 IST" name="setup" finished-at="2025-04-30T23:16:36 IST" duration-ms="3555" status="PASS">
          <reporter-output>
          </reporter-output>
        </test-method> <!-- setup -->
        <test-method is-config="true" signature="login()[pri:0, instance:automations.RenewalsCaseClosure@35cabb2a]" started-at="2025-04-30T23:16:36 IST" name="login" finished-at="2025-04-30T23:17:14 IST" duration-ms="38073" status="PASS">
          <reporter-output>
          </reporter-output>
        </test-method> <!-- login -->
        <test-method signature="renewalsCaseClosure()[pri:0, instance:automations.RenewalsCaseClosure@35cabb2a]" started-at="2025-04-30T23:17:14 IST" name="renewalsCaseClosure" finished-at="2025-04-30T23:17:48 IST" duration-ms="34258" status="PASS">
          <reporter-output>
          </reporter-output>
        </test-method> <!-- renewalsCaseClosure -->
        <test-method is-config="true" signature="close()[pri:0, instance:automations.RenewalsCaseClosure@35cabb2a]" started-at="2025-04-30T23:17:48 IST" name="close" finished-at="2025-04-30T23:17:48 IST" duration-ms="301" status="PASS">
          <reporter-output>
          </reporter-output>
        </test-method> <!-- close -->
      </class> <!-- automations.RenewalsCaseClosure -->
    </test> <!-- Default test -->
  </suite> <!-- Default suite -->
</testng-results>
