<?xml version="1.0" encoding="UTF-8"?>
<testng-results ignored="0" total="1" passed="1" failed="0" skipped="0">
  <reporter-output>
  </reporter-output>
  <suite started-at="2025-06-30T22:31:52 IST" name="Default suite" finished-at="2025-06-30T22:39:30 IST" duration-ms="458114">
    <groups>
    </groups>
    <test started-at="2025-06-30T22:31:52 IST" name="Default test" finished-at="2025-06-30T22:39:30 IST" duration-ms="458114">
      <class name="automations.RenewalsCaseClosure">
        <test-method is-config="true" signature="setup()[pri:0, instance:automations.RenewalsCaseClosure@74fe5c40]" started-at="2025-06-30T22:31:50 IST" name="setup" finished-at="2025-06-30T22:31:52 IST" duration-ms="2137" status="PASS">
          <reporter-output>
          </reporter-output>
        </test-method> <!-- setup -->
        <test-method is-config="true" signature="login()[pri:0, instance:automations.RenewalsCaseClosure@74fe5c40]" started-at="2025-06-30T22:31:52 IST" name="login" finished-at="2025-06-30T22:32:09 IST" duration-ms="17051" status="PASS">
          <reporter-output>
          </reporter-output>
        </test-method> <!-- login -->
        <test-method signature="renewalsCaseClosure()[pri:0, instance:automations.RenewalsCaseClosure@74fe5c40]" started-at="2025-06-30T22:32:09 IST" name="renewalsCaseClosure" finished-at="2025-06-30T22:39:30 IST" duration-ms="441029" status="PASS">
          <reporter-output>
          </reporter-output>
        </test-method> <!-- renewalsCaseClosure -->
        <test-method is-config="true" signature="close()[pri:0, instance:automations.RenewalsCaseClosure@74fe5c40]" started-at="2025-06-30T22:39:30 IST" name="close" finished-at="2025-06-30T22:39:31 IST" duration-ms="458" status="PASS">
          <reporter-output>
          </reporter-output>
        </test-method> <!-- close -->
      </class> <!-- automations.RenewalsCaseClosure -->
    </test> <!-- Default test -->
  </suite> <!-- Default suite -->
</testng-results>
